# JRE version: Java(TM) SE Runtime Environment (19.0+36) (build 19+36-2238)
# Java VM: Java HotSpot(TM) 64-Bit Server VM (19+36-2238, mixed mode, sharing, tiered, compressed oops, compressed class ptrs, g1 gc, windows-amd64)
GC Precious Log:
 CardTable entry size: 512
 Card Set container configuration: InlinePtr #cards 5 size 8 Array Of Cards #cards 12 size 40 Howl #buckets 4 coarsen threshold 1843 Howl Bitmap #cards 512 size 80 coarsen threshold 460 Card regions per heap region 1 cards per card region 2048
 CPUs: 4 total, 4 available
 Memory: 8108M
 Large Page Support: Disabled
 NUMA Support: Disabled
 Compressed Oops: Enabled (32-bit)
 Heap Region Size: 1M
 Heap Min Capacity: 8M
 Heap Initial Capacity: 128M
 Heap Max Capacity: 2028M
 Pre-touch: Disabled
 Parallel Workers: 4
 Concurrent Workers: 1
 Concurrent Refinement Workers: 4
 Periodic GC: Disabled
Heap:
 garbage-first heap   total 55296K, used 34710K [0x0000000081400000, 0x0000000100000000)
  region size 1024K, 21 young (21504K), 2 survivors (2048K)
 Metaspace       used 29349K, committed 29952K, reserved 1114112K
  class space    used 3624K, committed 3904K, reserved 1048576K
GC Heap History (18 events):
Event: 0.715 GC heap before
{Heap before GC invocations=0 (full 0):
 garbage-first heap   total 131072K, used 14336K [0x0000000081400000, 0x0000000100000000)
  region size 1024K, 13 young (13312K), 0 survivors (0K)
 Metaspace       used 4547K, committed 4672K, reserved 1114112K
  class space    used 459K, committed 512K, reserved 1048576K
}
Event: 0.719 GC heap after
{Heap after GC invocations=1 (full 0):
 garbage-first heap   total 131072K, used 7256K [0x0000000081400000, 0x0000000100000000)
  region size 1024K, 2 young (2048K), 2 survivors (2048K)
 Metaspace       used 4547K, committed 4672K, reserved 1114112K
  class space    used 459K, committed 512K, reserved 1048576K
}
Event: 1.132 GC heap before
{Heap before GC invocations=1 (full 0):
 garbage-first heap   total 131072K, used 18520K [0x0000000081400000, 0x0000000100000000)
  region size 1024K, 14 young (14336K), 2 survivors (2048K)
 Metaspace       used 8039K, committed 8192K, reserved 1114112K
  class space    used 882K, committed 960K, reserved 1048576K
}
Event: 1.137 GC heap after
{Heap after GC invocations=2 (full 0):
 garbage-first heap   total 131072K, used 8958K [0x0000000081400000, 0x0000000100000000)
  region size 1024K, 2 young (2048K), 2 survivors (2048K)
 Metaspace       used 8039K, committed 8192K, reserved 1114112K
  class space    used 882K, committed 960K, reserved 1048576K
}
Event: 2.029 GC heap before
{Heap before GC invocations=2 (full 0):
 garbage-first heap   total 131072K, used 34558K [0x0000000081400000, 0x0000000100000000)
  region size 1024K, 28 young (28672K), 2 survivors (2048K)
 Metaspace       used 14295K, committed 14592K, reserved 1114112K
  class space    used 1710K, committed 1856K, reserved 1048576K
}
Event: 2.036 GC heap after
{Heap after GC invocations=3 (full 0):
 garbage-first heap   total 131072K, used 11408K [0x0000000081400000, 0x0000000100000000)
  region size 1024K, 4 young (4096K), 4 survivors (4096K)
 Metaspace       used 14295K, committed 14592K, reserved 1114112K
  class space    used 1710K, committed 1856K, reserved 1048576K
}
Event: 2.771 GC heap before
{Heap before GC invocations=3 (full 0):
 garbage-first heap   total 131072K, used 27792K [0x0000000081400000, 0x0000000100000000)
  region size 1024K, 22 young (22528K), 4 survivors (4096K)
 Metaspace       used 21224K, committed 21504K, reserved 1114112K
  class space    used 2570K, committed 2688K, reserved 1048576K
}
Event: 2.779 GC heap after
{Heap after GC invocations=4 (full 0):
 garbage-first heap   total 131072K, used 14012K [0x0000000081400000, 0x0000000100000000)
  region size 1024K, 7 young (7168K), 7 survivors (7168K)
 Metaspace       used 21224K, committed 21504K, reserved 1114112K
  class space    used 2570K, committed 2688K, reserved 1048576K
}
Event: 5.838 GC heap before
{Heap before GC invocations=5 (full 0):
 garbage-first heap   total 55296K, used 39612K [0x0000000081400000, 0x0000000100000000)
  region size 1024K, 32 young (32768K), 7 survivors (7168K)
 Metaspace       used 26992K, committed 27456K, reserved 1114112K
  class space    used 3464K, committed 3712K, reserved 1048576K
}
Event: 5.849 GC heap after
{Heap after GC invocations=6 (full 0):
 garbage-first heap   total 55296K, used 15428K [0x0000000081400000, 0x0000000100000000)
  region size 1024K, 2 young (2048K), 2 survivors (2048K)
 Metaspace       used 26992K, committed 27456K, reserved 1114112K
  class space    used 3464K, committed 3712K, reserved 1048576K
}
Event: 7.414 GC heap before
{Heap before GC invocations=6 (full 0):
 garbage-first heap   total 55296K, used 16452K [0x0000000081400000, 0x0000000100000000)
  region size 1024K, 3 young (3072K), 2 survivors (2048K)
 Metaspace       used 27006K, committed 27456K, reserved 1114112K
  class space    used 3464K, committed 3712K, reserved 1048576K
}
Event: 7.418 GC heap after
{Heap after GC invocations=7 (full 0):
 garbage-first heap   total 55296K, used 15842K [0x0000000081400000, 0x0000000100000000)
  region size 1024K, 1 young (1024K), 1 survivors (1024K)
 Metaspace       used 27006K, committed 27456K, reserved 1114112K
  class space    used 3464K, committed 3712K, reserved 1048576K
}
Event: 17.052 GC heap before
{Heap before GC invocations=7 (full 0):
 garbage-first heap   total 55296K, used 36322K [0x0000000081400000, 0x0000000100000000)
  region size 1024K, 22 young (22528K), 1 survivors (1024K)
 Metaspace       used 28127K, committed 28544K, reserved 1114112K
  class space    used 3579K, committed 3776K, reserved 1048576K
}
Event: 17.053 GC heap after
{Heap after GC invocations=8 (full 0):
 garbage-first heap   total 55296K, used 16220K [0x0000000081400000, 0x0000000100000000)
  region size 1024K, 1 young (1024K), 1 survivors (1024K)
 Metaspace       used 28127K, committed 28544K, reserved 1114112K
  class space    used 3579K, committed 3776K, reserved 1048576K
}
Event: 31.009 GC heap before
{Heap before GC invocations=8 (full 0):
 garbage-first heap   total 55296K, used 38748K [0x0000000081400000, 0x0000000100000000)
  region size 1024K, 24 young (24576K), 1 survivors (1024K)
 Metaspace       used 28635K, committed 29184K, reserved 1114112K
  class space    used 3595K, committed 3840K, reserved 1048576K
}
Event: 31.011 GC heap after
{Heap after GC invocations=9 (full 0):
 garbage-first heap   total 55296K, used 16631K [0x0000000081400000, 0x0000000100000000)
  region size 1024K, 2 young (2048K), 2 survivors (2048K)
 Metaspace       used 28635K, committed 29184K, reserved 1114112K
  class space    used 3595K, committed 3840K, reserved 1048576K
}
Event: 44.124 GC heap before
{Heap before GC invocations=9 (full 0):
 garbage-first heap   total 55296K, used 39159K [0x0000000081400000, 0x0000000100000000)
  region size 1024K, 25 young (25600K), 2 survivors (2048K)
 Metaspace       used 28991K, committed 29568K, reserved 1114112K
  class space    used 3608K, committed 3840K, reserved 1048576K
}
Event: 44.128 GC heap after
{Heap after GC invocations=10 (full 0):
 garbage-first heap   total 55296K, used 17302K [0x0000000081400000, 0x0000000100000000)
  region size 1024K, 2 young (2048K), 2 survivors (2048K)
 Metaspace       used 28991K, committed 29568K, reserved 1114112K
  class space    used 3608K, committed 3840K, reserved 1048576K
}

